Log file open, 04/06/17 15:09:11
LogInit:Display: Running engine for game: Ether_Ore
LogPlatformFile: Not using cached read wrapper
LogInit:Display: RandInit(-583034980) SRandInit(-583034980).
LogTaskGraph: Started task graph with 5 named threads and 8 total threads with 1 sets of task threads.
LogStats: Stats thread started at 0.099255
LogInit: Using libcurl 7.47.1
LogInit:  - built for x86_64-pc-win32
LogInit:  - supports SSL with OpenSSL/1.0.2g
LogInit:  - supports HTTP deflate (compression) using libz 1.2.8
LogInit:  - other features:
LogInit:      CURL_VERSION_SSL
LogInit:      CURL_VERSION_LIBZ
LogInit:      CURL_VERSION_IPV6
LogInit:      CURL_VERSION_ASYNCHDNS
LogInit:      CURL_VERSION_LARGEFILE
LogInit:      CURL_VERSION_IDN
LogInit:  CurlRequestOptions (configurable via config and command line):
LogInit:  - bVerifyPeer = false  - Libcurl will NOT verify peer certificate
LogInit:  - bUseHttpProxy = false  - Libcurl will NOT use HTTP proxy
LogInit:  - bDontReuseConnections = false  - Libcurl will reuse connections
LogInit:  - CertBundlePath = nullptr  - Libcurl will use whatever was configured at build time.
OCULUS: Info: [CAPI] LibOVR module is located at C:\Program Files\Oculus\Support\oculus-runtime\LibOVRRT64_1.dll
OCULUS: Debug: Connected to the server running version (prod = 1).1.13.0(build = 361842) feature version = 0. Client runs version (prod = 1).1.13.0(build = 361842) feature version = 0
LogHMD: GearVR: Emulating GearVR using Oculus Rift!
LogInit: Build: ++UE4+Release-4.15-CL-3348071
LogInit: Engine Version: 4.15.1-3348071+++UE4+Release-4.15
LogInit: Compatible Engine Version: 4.15.0-3299760+++UE4+Release-4.15
LogInit: Net CL: 3299760
LogDevObjectVersion: Number of dev versions registered: 14
LogDevObjectVersion:   Dev-Blueprints (B0D832E4-1F89-4F0D-ACCF-7EB736FD4AA2): 8
LogDevObjectVersion:   Dev-Build (E1C64328-A22C-4D53-A36C-8E866417BD8C): 0
LogDevObjectVersion:   Dev-Core (375EC13C-06E4-48FB-B500-84F0262A717E): 2
LogDevObjectVersion:   Dev-Editor (E4B068ED-F494-42E9-A231-DA0B2E46BB41): 14
LogDevObjectVersion:   Dev-Framework (CFFC743F-43B0-4480-9391-14DF171D2073): 22
LogDevObjectVersion:   Dev-Mobile (B02B49B5-BB20-44E9-A304-32B752E40360): 0
LogDevObjectVersion:   Dev-Networking (A4E4105C-59A1-49B5-A7C5-40C4547EDFEE): 0
LogDevObjectVersion:   Dev-Online (39C831C9-5AE6-47DC-9A44-9C173E1C8E7C): 0
LogDevObjectVersion:   Dev-Physics (78F01B33-EBEA-4F98-B9B4-84EACCB95AA2): 0
LogDevObjectVersion:   Dev-Platform (6631380F-2D4D-43E0-8009-CF276956A95A): 0
LogDevObjectVersion:   Dev-Rendering (12F88B9F-8875-4AFC-A67C-D90C383ABD29): 12
LogDevObjectVersion:   Dev-Sequencer (7B5AE74C-D270-4C10-A958-57980B212A5A): 3
LogDevObjectVersion:   Dev-VR (D7296918-1DD6-4BDD-9DE2-64A83CC13884): 0
LogDevObjectVersion:   Dev-LoadTimes (C2A15278-BFE7-4AFE-6C17-90FF531DF755): 1
LogInit: Compiled (64-bit): Mar 15 2017 16:52:47
LogInit: Compiled with Visual C++: 19.00.23026.00
LogInit: Build Configuration: Development
LogInit: Branch Name: ++UE4+Release-4.15
LogInit: Command line: -EpicPortal 
LogInit: Base directory: C:/Program Files/Epic Games/UE_4.15/Engine/Binaries/Win64/
LogInit: Installed Engine Build: 1
LogInit: Presizing for max 8388607 objects, including 0 objects not considered by GC, pre-allocating 0 bytes for permanent pool.
LogInit: Object subsystem initialized
[2017.04.06-19.09.13:226][  0]LogInit: Selected Device Profile: [Windows]
[2017.04.06-19.09.13:226][  0]LogInit: Applying CVar settings loaded from the selected device profile: [Windows]
[2017.04.06-19.09.13:239][  0]LogInit: Computer: ASH-AWARE
[2017.04.06-19.09.13:239][  0]LogInit: User: Andrew
[2017.04.06-19.09.13:239][  0]LogInit: CPU Page size=65536, Cores=4
[2017.04.06-19.09.13:239][  0]LogInit: High frequency timer resolution =2.336161 MHz
[2017.04.06-19.09.13:239][  0]LogMemory: Memory total: Physical=16.0GB (16GB approx)
[2017.04.06-19.09.13:239][  0]LogMemory: Platform Memory Stats for Windows
[2017.04.06-19.09.13:239][  0]LogMemory: Process Physical Memory: 271.07 MB used, 271.07 MB peak
[2017.04.06-19.09.13:239][  0]LogMemory: Process Virtual Memory: 266.06 MB used, 266.06 MB peak
[2017.04.06-19.09.13:239][  0]LogMemory: Physical Memory: 6536.91 MB used,  9828.91 MB free, 16365.82 MB total
[2017.04.06-19.09.13:239][  0]LogMemory: Virtual Memory: 687.78 MB used,  9828.91 MB free, 134217728.00 MB total
[2017.04.06-19.09.13:343][  0]LogTextLocalizationManager: No specific translations for ('en-US') exist, so ('en') translations will be used.
[2017.04.06-19.09.14:068][  0]LogD3D11RHI: D3D11 adapters:
[2017.04.06-19.09.14:131][  0]LogD3D11RHI:    0. 'NVIDIA GeForce GTX 560M' (Feature Level 11_0)
[2017.04.06-19.09.14:131][  0]LogD3D11RHI:       1484/0/2560 MB DedicatedVideo/DedicatedSystem/SharedSystem, Outputs:1, VendorId:0x10de
[2017.04.06-19.09.14:133][  0]LogD3D11RHI:    1. 'Microsoft Basic Render Driver' (Feature Level 11_0)
[2017.04.06-19.09.14:133][  0]LogD3D11RHI:       0/0/8182 MB DedicatedVideo/DedicatedSystem/SharedSystem, Outputs:0, VendorId:0x1414
[2017.04.06-19.09.14:133][  0]LogD3D11RHI: Chosen D3D11 Adapter: 0
[2017.04.06-19.09.14:139][  0]LogD3D11RHI: Creating new Direct3DDevice
[2017.04.06-19.09.14:139][  0]LogD3D11RHI:     GPU DeviceId: 0x1251 (for the marketing name, search the web for "GPU Device Id")
[2017.04.06-19.09.14:139][  0]LogWindows: EnumDisplayDevices:
[2017.04.06-19.09.14:139][  0]LogWindows:    0. 'NVIDIA GeForce GTX 560M' (P:1 D:1)
[2017.04.06-19.09.14:139][  0]LogWindows:    1. 'NVIDIA GeForce GTX 560M' (P:0 D:0)
[2017.04.06-19.09.14:139][  0]LogWindows: DebugString: FoundDriverCount:2 
[2017.04.06-19.09.14:139][  0]LogD3D11RHI:     Adapter Name: NVIDIA GeForce GTX 560M
[2017.04.06-19.09.14:139][  0]LogD3D11RHI:   Driver Version: 378.92 (internal:21.21.13.7892, unified:378.92)
[2017.04.06-19.09.14:139][  0]LogD3D11RHI:      Driver Date: 3-16-2017
[2017.04.06-19.09.14:139][  0]LogRHI: Texture pool is 1039 MB (70% of 1484 MB)
[2017.04.06-19.09.14:154][  0]LogD3D11RHI:Warning: Timestamp queries are currently disabled on this hardware due to instability. Realtime GPU stats will not be available. You can override this behaviour by setting r.NVIDIATimestampWorkaround to 0
[2017.04.06-19.09.14:154][  0]LogD3D11RHI: Async texture creation enabled
[2017.04.06-19.09.14:178][  0]LogD3D11RHI: GPU Timing Frequency: 1000.000000 (Debug: 2 2)
[2017.04.06-19.09.14:226][  0]LogShaderCompilers: Guid format shader working directory is -7 characters bigger than the processId version (../../../../../../Users/Andrew/Google Drive/Ether_Ore/Intermediate/Shaders/WorkingDirectory/10348/).
[2017.04.06-19.09.14:226][  0]LogShaderCompilers: Cleaned the shader compiler working directory 'C:/Users/Andrew/AppData/Local/Temp/UnrealShaderWorkingDir/309D9BEA42DFB62E7FA8F6AEE34A3FF7/'.
[2017.04.06-19.09.14:226][  0]LogShaderCompilers:Display: Using Local Shader Compiler.
[2017.04.06-19.09.15:494][  0]LogTemp:Display: Loaded TP AllDesktopTargetPlatform
[2017.04.06-19.09.15:569][  0]LogTemp:Display: Loaded TP MacClientTargetPlatform
[2017.04.06-19.09.15:643][  0]LogTemp:Display: Loaded TP MacNoEditorTargetPlatform
[2017.04.06-19.09.15:717][  0]LogTemp:Display: Loaded TP MacServerTargetPlatform
[2017.04.06-19.09.15:793][  0]LogTemp:Display: Loaded TP MacTargetPlatform
[2017.04.06-19.09.15:868][  0]LogTemp:Display: Loaded TP WindowsClientTargetPlatform
[2017.04.06-19.09.15:942][  0]LogTemp:Display: Loaded TP WindowsNoEditorTargetPlatform
[2017.04.06-19.09.16:017][  0]LogTemp:Display: Loaded TP WindowsServerTargetPlatform
[2017.04.06-19.09.16:080][  0]LogTemp:Display: Loaded TP WindowsTargetPlatform
[2017.04.06-19.09.16:154][  0]LogTemp:Display: Loaded TP AndroidTargetPlatform
[2017.04.06-19.09.16:227][  0]LogTemp:Display: Loaded TP Android_ASTCTargetPlatform
[2017.04.06-19.09.16:302][  0]LogTemp:Display: Loaded TP Android_ATCTargetPlatform
[2017.04.06-19.09.16:375][  0]LogTemp:Display: Loaded TP Android_DXTTargetPlatform
[2017.04.06-19.09.16:448][  0]LogTemp:Display: Loaded TP Android_ETC1TargetPlatform
[2017.04.06-19.09.16:523][  0]LogTemp:Display: Loaded TP Android_ETC2TargetPlatform
[2017.04.06-19.09.16:670][  0]LogTemp:Display: Loaded TP Android_MultiTargetPlatform
[2017.04.06-19.09.16:670][  0]LogTemp:Display: Loaded TP Android_PVRTCTargetPlatform
[2017.04.06-19.09.16:722][  0]LogTemp:Display: Loaded TP HTML5TargetPlatform
[2017.04.06-19.09.16:847][  0]LogTemp:Display: Loaded TP IOSTargetPlatform
[2017.04.06-19.09.16:897][  0]LogTemp:Display: Loaded TP TVOSTargetPlatform
[2017.04.06-19.09.16:969][  0]LogTemp:Display: Loaded TP LinuxClientTargetPlatform
[2017.04.06-19.09.17:041][  0]LogTemp:Display: Loaded TP LinuxNoEditorTargetPlatform
[2017.04.06-19.09.17:112][  0]LogTemp:Display: Loaded TP LinuxServerTargetPlatform
[2017.04.06-19.09.17:184][  0]LogTemp:Display: Loaded TP LinuxTargetPlatform
[2017.04.06-19.09.17:184][  0]LogTargetPlatformManager:Display: Building Assets For Windows
[2017.04.06-19.09.17:813][  0]LogDerivedDataCache:Display: Max Cache Size: 512 MB
[2017.04.06-19.09.17:882][  0]LogDerivedDataCache: Loaded boot cache 0.07s 60MB C:/Users/Andrew/AppData/Local/UnrealEngine/4.15/DerivedDataCache/Boot.ddc.
[2017.04.06-19.09.17:882][  0]LogDerivedDataCache:Display: Loaded Boot cache: C:/Users/Andrew/AppData/Local/UnrealEngine/4.15/DerivedDataCache/Boot.ddc
[2017.04.06-19.09.17:882][  0]LogDerivedDataCache: FDerivedDataBackendGraph:  Pak pak cache file ../../../../../../Users/Andrew/Google Drive/Ether_Ore/DerivedDataCache/DDC.ddp not found, will not use a pak cache.
[2017.04.06-19.09.17:882][  0]LogDerivedDataCache: Unable to find inner node Pak for hierarchical cache Hierarchy.
[2017.04.06-19.09.17:882][  0]LogDerivedDataCache: FDerivedDataBackendGraph:  CompressedPak pak cache file ../../../../../../Users/Andrew/Google Drive/Ether_Ore/DerivedDataCache/Compressed.ddp not found, will not use a pak cache.
[2017.04.06-19.09.17:882][  0]LogDerivedDataCache: Unable to find inner node CompressedPak for hierarchical cache Hierarchy.
[2017.04.06-19.09.17:905][  0]LogDerivedDataCache:Display: Pak cache opened for reading ../../../Engine/DerivedDataCache/Compressed.ddp.
[2017.04.06-19.09.17:917][  0]LogDerivedDataCache: Using Local data cache path C:/Users/Andrew/AppData/Local/UnrealEngine/Common/DerivedDataCache: Writable
[2017.04.06-19.09.17:929][  0]LogSlate: Using Freetype 2.6.0
[2017.04.06-19.09.17:929][  0]LogSlate: SlateFontCache - WITH_FREETYPE: 1, WITH_HARFBUZZ: 1
[2017.04.06-19.09.17:929][  0]LogSlate: SlateFontCache - WITH_FREETYPE: 1, WITH_HARFBUZZ: 1
[2017.04.06-19.09.18:308][  0]LogInit: Selected Device Profile: [Windows]
[2017.04.06-19.09.18:312][  0]LogContentStreaming: Texture pool size is 0.00 MB
[2017.04.06-19.09.18:592][  0]LogMeshUtilities: Using QuadricMeshReduction for automatic static mesh reduction
[2017.04.06-19.09.18:660][  0]LogSimplygon: Simplygon DLL not present - disabling.
[2017.04.06-19.09.18:728][  0]LogMeshUtilities: Using SimplygonSwarm for distributed automatic mesh merging
[2017.04.06-19.09.18:728][  0]LogMeshUtilities: No automatic skeletal mesh reduction module available
[2017.04.06-19.09.18:728][  0]LogMeshUtilities: No automatic mesh merging module available
[2017.04.06-19.09.19:438][  0]OCULUS: Info: [HMDState] Requested to SetForegroundWindow(1c055all)
[2017.04.06-19.09.19:438][  0]LogNetVersion: GetLocalNetworkVersion: CL: 3299760, ProjectName: ether_ore, ProjectVersion: , EngineNetworkVersion: 2, GameNetworkVersion: 0, NetworkChecksum: 3184432633
[2017.04.06-19.09.19:494][  0]LogAssetRegistry: FAssetRegistry took 0.0223 seconds to start up
[2017.04.06-19.09.19:569][  0]LogPackageLocalizationCache: Processed 3 localized package path(s) for 2 prioritized culture(s) in 0.033833 seconds
[2017.04.06-19.09.19:576][  0]LogUObjectArray: 32493 objects as part of root set at end of initial load.
[2017.04.06-19.09.19:576][  0]LogUObjectAllocator: 7077024 out of 0 bytes used by permanent object pool.
[2017.04.06-19.09.19:576][  0]LogUObjectArray: CloseDisregardForGC: 0/0 objects in disregard for GC pool
[2017.04.06-19.09.19:673][  0]LogInit: WinSock: version 1.1 (2.2), MaxSocks=32767, MaxUdp=65467
[2017.04.06-19.09.22:055][  0]LogTcpMessaging: Initializing TcpMessaging bridge
[2017.04.06-19.09.22:132][  0]LogUdpMessaging: Initializing bridge on interface 0.0.0.0:0 to multicast group 230.0.0.1:6666.
[2017.04.06-19.09.22:752][  0]LogMaterial: Uniform references updated for custom material expression Custom.
[2017.04.06-19.09.23:459][  0]SourceControl: Info Source control is disabled
[2017.04.06-19.09.23:532][  0]SourceControl: Info Source control is disabled
[2017.04.06-19.09.23:611][  0]SourceControl: Info Source control is disabled
[2017.04.06-19.09.23:678][  0]SourceControl: Info Source control is disabled
[2017.04.06-19.09.25:576][  0]LogEngine: Initializing Engine...
[2017.04.06-19.09.26:375][  0]OCULUS: Info: [HMDState] Requested to SetForegroundWindow(1c055all)
[2017.04.06-19.09.26:375][  0]OCULUS: Info: [HMDState] Requested to SetForegroundWindow(1c055all)
[2017.04.06-19.09.26:375][  0]LogHMD: Failed to initialize OpenVR with code 108
[2017.04.06-19.09.26:375][  0]LogHMD: Oculus plugin initialized. Version: 4.15.1-3348071+++UE4+Release-4.15, LibOVR: 1.13.0, SDK: 1.10.0, built Mar 15 2017, 16:59:09
[2017.04.06-19.09.26:770][  0]LogAIModule: Creating AISystem for world Untitled
[2017.04.06-19.09.26:789][  0]LogInit: XAudio2 using 'Speakers / Headphones (IDT High Definition Audio CODEC)' : 2 channels at 48 kHz using 16 bits per sample (channel mask 0x3)
[2017.04.06-19.09.26:824][  0]LogInit: FAudioDevice initialized.
[2017.04.06-19.09.26:863][  0]LogDerivedDataCache: Saved boot cache 0.04s 60MB C:/Users/Andrew/AppData/Local/UnrealEngine/4.15/DerivedDataCache/Boot.ddc.
[2017.04.06-19.09.26:874][  0]LogInit: Texture streaming: Enabled
[2017.04.06-19.09.27:039][  0]OCULUS: Info: [HMDState] Requested to SetForegroundWindow(1c055all)
[2017.04.06-19.09.27:039][  0]LogEngineSessionManager: EngineSessionManager initialized
[2017.04.06-19.09.27:199][  0]LogInit: Transaction tracking system initialized
[2017.04.06-19.09.27:773][  0]BlueprintLog: New page: Editor Load
[2017.04.06-19.09.29:206][  0]LocalizationService: Info Localization service is disabled
[2017.04.06-19.09.30:188][  0]LogConfig:Warning: Failed to saved backup for config[GameUserSettings]
[2017.04.06-19.09.30:190][  0]LogConfig:Warning: Failed to saved backup for config[GameUserSettings]
[2017.04.06-19.09.30:446][  0]LogConsoleResponse:Display: 
[2017.04.06-19.09.30:604][  0]LogFileCache: Scanning file cache for directory 'C:/Users/Andrew/Google Drive/Ether_Ore/Content/' took 0.01s
[2017.04.06-19.09.30:604][  0]LogCook:Display: Max memory allowance for cook 16384mb min free memory 0mb
[2017.04.06-19.09.30:605][  0]LogCook:Display: Mobile HDR setting 1
[2017.04.06-19.09.32:109][  0]SourceControl: Info Source control is disabled
[2017.04.06-19.09.32:109][  0]Cmd: MAP LOAD FILE="../../../Engine/Content/Maps/Templates/Template_Default.umap" TEMPLATE=1 SHOWPROGRESS=1 FEATURELEVEL=3
[2017.04.06-19.09.32:110][  0]LightingResults: New page: Lighting Build
[2017.04.06-19.09.32:167][  0]MapCheck: New page: Map Check
[2017.04.06-19.09.32:167][  0]LightingResults: New page: Lighting Build
[2017.04.06-19.09.32:458][  0]LogAIModule: Creating AISystem for world Untitled_1
[2017.04.06-19.09.32:479][  0]LogActorComponent: RegisterComponentWithWorld: (/Temp/Untitled_1.Untitled_1:PersistentLevel.WorldSettings_1.StaticMeshComponent0) Trying to register component with IsPendingKill() == true. Aborting.
[2017.04.06-19.09.32:484][  0]LogEditorServer: Finished looking for orphan Actors (0.000 secs)
[2017.04.06-19.09.32:488][  0]Cmd: MAP CHECKDEP NOCLEARLOG
[2017.04.06-19.09.32:539][  0]MapCheck: Info Map check complete: 0 Error(s), 0 Warning(s), took 50.605ms to complete.
[2017.04.06-19.09.32:539][  0]LogFileHelpers: Loading map 'Template_Default' took 0.430
[2017.04.06-19.09.32:739][  0]LogCollectionManager: Loaded 0 collections in 0.001989 seconds
[2017.04.06-19.09.32:840][  0]LogFileCache: Scanning file cache for directory 'C:/Users/Andrew/Google Drive/Ether_Ore/Saved/Collections/' took 0.01s
[2017.04.06-19.09.32:840][  0]LogFileCache: Scanning file cache for directory 'C:/Users/Andrew/Google Drive/Ether_Ore/Content/Developers/Andrew/Collections/' took 0.01s
[2017.04.06-19.09.32:840][  0]LogFileCache: Scanning file cache for directory 'C:/Users/Andrew/Google Drive/Ether_Ore/Content/Collections/' took 0.01s
[2017.04.06-19.09.32:840][  0]LogCollectionManager: Rebuilt the GUID cache for 0 collections in 0.000002 seconds
[2017.04.06-19.09.32:852][  0]LogContentBrowser: Native class hierarchy populated in 0.0114 seconds. Added 2245 classes and 453 folders.
[2017.04.06-19.09.32:857][  0]LogStats: UGameplayTagsManager::ConstructGameplayTagTree: Construct from data asset -  0.000 s
[2017.04.06-19.09.32:857][  0]LogStats: UGameplayTagsManager::ConstructGameplayTagTree: GameplayTagTreeChangedEvent.Broadcast -  0.000 s
[2017.04.06-19.09.32:945][  0]LogContentBrowser: Native class hierarchy updated for 'WidgetCarousel' in 0.0006 seconds. Added 0 classes and 0 folders.
[2017.04.06-19.09.33:024][  0]LogContentBrowser: Native class hierarchy updated for 'AddContentDialog' in 0.0006 seconds. Added 0 classes and 0 folders.
[2017.04.06-19.09.33:086][  0]LogContentBrowser: Native class hierarchy updated for 'SceneOutliner' in 0.0006 seconds. Added 1 classes and 2 folders.
[2017.04.06-19.09.33:214][  0]LogCrashTracker: Crashtracker disabled due to settings.
[2017.04.06-19.09.33:222][  0]LogUObjectGlobals:Warning: Failed to find object 'Class None.'
[2017.04.06-19.09.33:307][  0]LogContentBrowser: Native class hierarchy updated for 'HierarchicalLODOutliner' in 0.0007 seconds. Added 1 classes and 2 folders.
[2017.04.06-19.09.33:308][  0]LogLoad: (Engine Initialization) Total time: 23.25 seconds
[2017.04.06-19.09.33:308][  0]LogLoad: (Engine Initialization) Total Blueprint compile time: 0.12 seconds
[2017.04.06-19.09.33:308][  0]LogExternalProfiler: Found external profiler: VSPerf
[2017.04.06-19.09.33:308][  0]LogExternalProfiler: Using external profiler: VSPerf
[2017.04.06-19.09.33:647][  0]LogOcInput: OculusInput pre-init called
[2017.04.06-19.09.33:663][  0]LogOcInput: OculusInput is initialized. Init status 0. Runtime version: 1.13.0
[2017.04.06-19.09.33:693][  0]LogContentStreaming: Texture pool size now 600 MB
[2017.04.06-19.09.33:694][  0]LogSlate: Took 0.000291 seconds to synchronously load lazily loaded font '../../../Engine/Content/Slate/Fonts/Roboto-Regular.ttf' (155K)
[2017.04.06-19.09.33:699][  0]LogSlate: Took 0.000280 seconds to synchronously load lazily loaded font '../../../Engine/Content/Slate/Fonts/Roboto-Bold.ttf' (160K)
[2017.04.06-19.09.33:706][  0]LogSlate: Took 0.000308 seconds to synchronously load lazily loaded font '../../../Engine/Content/Editor/Slate/Fonts/FontAwesome.ttf' (139K)
[2017.04.06-19.09.33:706][  0]LogSlate: Took 0.000148 seconds to synchronously load lazily loaded font '../../../Engine/Content/Editor/Slate/Fonts/DroidSansMono.ttf' (77K)
[2017.04.06-19.09.33:973][  0]LogRenderer: Reallocating scene render targets to support 1248x600 NumSamples 1 (Frame:2).
[2017.04.06-19.09.34:269][  1]LogAssetRegistry: Asset discovery search completed in 14.7969 seconds
[2017.04.06-19.09.34:269][  1]LogCollectionManager: Rebuilt the object cache for 0 collections in 0.000008 seconds (found 0 objects)
[2017.04.06-19.09.34:269][  1]LogCollectionManager: Fixed up redirectors for 0 collections in 0.000146 seconds (updated 0 objects)
